C:\Program Files (x86)\Microsoft Visual Studio\2019\Community\MSBuild\Microsoft\VC\v160\Microsoft.CppBuild.targets(452,5): warning MSB8028: The intermediate directory (Debug\) contains files shared from another project (MarioStyleGame.vcxproj).  This can lead to incorrect clean and rebuild behavior.
  AssetHandler.cpp
  Engine.cpp
C:\Users\tsagk\source\repos\MarioStyleGame\MarioStyleGame\Engine.cpp(7,48): warning C4244:  '=': conversion from 'unsigned int' to 'T', possible loss of data
C:\Users\tsagk\source\repos\MarioStyleGame\MarioStyleGame\Engine.cpp(7,48): warning C4244:         with
C:\Users\tsagk\source\repos\MarioStyleGame\MarioStyleGame\Engine.cpp(7,48): warning C4244:         [
C:\Users\tsagk\source\repos\MarioStyleGame\MarioStyleGame\Engine.cpp(7,48): warning C4244:             T=float
C:\Users\tsagk\source\repos\MarioStyleGame\MarioStyleGame\Engine.cpp(7,48): warning C4244:         ]
C:\Users\tsagk\source\repos\MarioStyleGame\MarioStyleGame\Engine.cpp(8,48): warning C4244:  '=': conversion from 'unsigned int' to 'T', possible loss of data
C:\Users\tsagk\source\repos\MarioStyleGame\MarioStyleGame\Engine.cpp(8,48): warning C4244:         with
C:\Users\tsagk\source\repos\MarioStyleGame\MarioStyleGame\Engine.cpp(8,48): warning C4244:         [
C:\Users\tsagk\source\repos\MarioStyleGame\MarioStyleGame\Engine.cpp(8,48): warning C4244:             T=float
C:\Users\tsagk\source\repos\MarioStyleGame\MarioStyleGame\Engine.cpp(8,48): warning C4244:         ]
C:\Users\tsagk\source\repos\MarioStyleGame\MarioStyleGame\Engine.cpp(10,56): warning C4244:  'argument': conversion from 'T' to 'unsigned int', possible loss of data
C:\Users\tsagk\source\repos\MarioStyleGame\MarioStyleGame\Engine.cpp(10,56): warning C4244:         with
C:\Users\tsagk\source\repos\MarioStyleGame\MarioStyleGame\Engine.cpp(10,56): warning C4244:         [
C:\Users\tsagk\source\repos\MarioStyleGame\MarioStyleGame\Engine.cpp(10,56): warning C4244:             T=float
C:\Users\tsagk\source\repos\MarioStyleGame\MarioStyleGame\Engine.cpp(10,56): warning C4244:         ]
  Entity.cpp
C:\Users\tsagk\source\repos\MarioStyleGame\MarioStyleGame\Engine.cpp(10,42): warning C4244:  'argument': conversion from 'T' to 'unsigned int', possible loss of data
C:\Users\tsagk\source\repos\MarioStyleGame\MarioStyleGame\Engine.cpp(10,42): warning C4244:         with
C:\Users\tsagk\source\repos\MarioStyleGame\MarioStyleGame\Engine.cpp(10,42): warning C4244:         [
C:\Users\tsagk\source\repos\MarioStyleGame\MarioStyleGame\Engine.cpp(10,42): warning C4244:             T=float
C:\Users\tsagk\source\repos\MarioStyleGame\MarioStyleGame\Engine.cpp(10,42): warning C4244:         ]
C:\Users\tsagk\source\repos\MarioStyleGame\MarioStyleGame\Entity.cpp(141,14): warning C4244:  '=': conversion from 'const int' to 'float', possible loss of data
C:\Users\tsagk\source\repos\MarioStyleGame\MarioStyleGame\Entity.cpp(144,48): warning C4244:  '=': conversion from 'int' to 'float', possible loss of data
C:\Users\tsagk\source\repos\MarioStyleGame\MarioStyleGame\Entity.cpp(148,14): warning C4244:  '=': conversion from 'const int' to 'float', possible loss of data
C:\Users\tsagk\source\repos\MarioStyleGame\MarioStyleGame\Entity.cpp(153,48): warning C4244:  '=': conversion from 'int' to 'float', possible loss of data
C:\Users\tsagk\source\repos\MarioStyleGame\MarioStyleGame\Entity.cpp(162,76): warning C4244:  'argument': conversion from 'float' to 'int', possible loss of data
C:\Users\tsagk\source\repos\MarioStyleGame\MarioStyleGame\Entity.cpp(162,24): warning C4244:  'argument': conversion from 'float' to 'int', possible loss of data
C:\Users\tsagk\source\repos\MarioStyleGame\MarioStyleGame\Entity.cpp(163,57): warning C4244:  'argument': conversion from 'float' to 'int', possible loss of data
C:\Users\tsagk\source\repos\MarioStyleGame\MarioStyleGame\Entity.cpp(163,21): warning C4244:  'argument': conversion from 'float' to 'int', possible loss of data
C:\Users\tsagk\source\repos\MarioStyleGame\MarioStyleGame\Entity.cpp(178,60): warning C4244:  'argument': conversion from 'float' to 'int', possible loss of data
C:\Users\tsagk\source\repos\MarioStyleGame\MarioStyleGame\Entity.cpp(178,24): warning C4244:  'argument': conversion from 'float' to 'int', possible loss of data
C:\Users\tsagk\source\repos\MarioStyleGame\MarioStyleGame\Entity.cpp(179,73): warning C4244:  'argument': conversion from 'float' to 'int', possible loss of data
C:\Users\tsagk\source\repos\MarioStyleGame\MarioStyleGame\Entity.cpp(179,21): warning C4244:  'argument': conversion from 'float' to 'int', possible loss of data
C:\Users\tsagk\source\repos\MarioStyleGame\MarioStyleGame\Entity.cpp(189,56): warning C4244:  'argument': conversion from 'float' to 'int', possible loss of data
C:\Users\tsagk\source\repos\MarioStyleGame\MarioStyleGame\Entity.cpp(189,24): warning C4244:  'argument': conversion from 'float' to 'int', possible loss of data
C:\Users\tsagk\source\repos\MarioStyleGame\MarioStyleGame\Entity.cpp(190,53): warning C4244:  'argument': conversion from 'float' to 'int', possible loss of data
C:\Users\tsagk\source\repos\MarioStyleGame\MarioStyleGame\Entity.cpp(190,21): warning C4244:  'argument': conversion from 'float' to 'int', possible loss of data
C:\Users\tsagk\source\repos\MarioStyleGame\MarioStyleGame\Entity.cpp(191,53): warning C4244:  'argument': conversion from 'float' to 'int', possible loss of data
C:\Users\tsagk\source\repos\MarioStyleGame\MarioStyleGame\Entity.cpp(191,21): warning C4244:  'argument': conversion from 'float' to 'int', possible loss of data
C:\Users\tsagk\source\repos\MarioStyleGame\MarioStyleGame\Entity.cpp(192,73): warning C4244:  'argument': conversion from 'float' to 'int', possible loss of data
C:\Users\tsagk\source\repos\MarioStyleGame\MarioStyleGame\Entity.cpp(192,21): warning C4244:  'argument': conversion from 'float' to 'int', possible loss of data
C:\Users\tsagk\source\repos\MarioStyleGame\MarioStyleGame\Entity.cpp(199,72): warning C4244:  'argument': conversion from 'float' to 'int', possible loss of data
C:\Users\tsagk\source\repos\MarioStyleGame\MarioStyleGame\Entity.cpp(199,24): warning C4244:  'argument': conversion from 'float' to 'int', possible loss of data
C:\Users\tsagk\source\repos\MarioStyleGame\MarioStyleGame\Entity.cpp(200,69): warning C4244:  'argument': conversion from 'float' to 'int', possible loss of data
C:\Users\tsagk\source\repos\MarioStyleGame\MarioStyleGame\Entity.cpp(200,21): warning C4244:  'argument': conversion from 'float' to 'int', possible loss of data
C:\Users\tsagk\source\repos\MarioStyleGame\MarioStyleGame\Entity.cpp(201,69): warning C4244:  'argument': conversion from 'float' to 'int', possible loss of data
C:\Users\tsagk\source\repos\MarioStyleGame\MarioStyleGame\Entity.cpp(201,21): warning C4244:  'argument': conversion from 'float' to 'int', possible loss of data
C:\Users\tsagk\source\repos\MarioStyleGame\MarioStyleGame\Entity.cpp(202,57): warning C4244:  'argument': conversion from 'float' to 'int', possible loss of data
C:\Users\tsagk\source\repos\MarioStyleGame\MarioStyleGame\Entity.cpp(202,21): warning C4244:  'argument': conversion from 'float' to 'int', possible loss of data
C:\Users\tsagk\source\repos\MarioStyleGame\MarioStyleGame\Entity.cpp(209,72): warning C4244:  'argument': conversion from 'float' to 'int', possible loss of data
C:\Users\tsagk\source\repos\MarioStyleGame\MarioStyleGame\Entity.cpp(209,24): warning C4244:  'argument': conversion from 'float' to 'int', possible loss of data
C:\Users\tsagk\source\repos\MarioStyleGame\MarioStyleGame\Entity.cpp(210,51): warning C4244:  'argument': conversion from 'float' to 'int', possible loss of data
C:\Users\tsagk\source\repos\MarioStyleGame\MarioStyleGame\Entity.cpp(210,21): warning C4244:  'argument': conversion from 'float' to 'int', possible loss of data
C:\Users\tsagk\source\repos\MarioStyleGame\MarioStyleGame\Entity.cpp(211,69): warning C4244:  'argument': conversion from 'float' to 'int', possible loss of data
C:\Users\tsagk\source\repos\MarioStyleGame\MarioStyleGame\Entity.cpp(211,21): warning C4244:  'argument': conversion from 'float' to 'int', possible loss of data
C:\Users\tsagk\source\repos\MarioStyleGame\MarioStyleGame\Entity.cpp(212,56): warning C4244:  'argument': conversion from 'float' to 'int', possible loss of data
C:\Users\tsagk\source\repos\MarioStyleGame\MarioStyleGame\Entity.cpp(212,21): warning C4244:  'argument': conversion from 'float' to 'int', possible loss of data
C:\Users\tsagk\source\repos\MarioStyleGame\MarioStyleGame\Entity.cpp(214,69): warning C4244:  'argument': conversion from 'float' to 'int', possible loss of data
C:\Users\tsagk\source\repos\MarioStyleGame\MarioStyleGame\Entity.cpp(214,21): warning C4244:  'argument': conversion from 'float' to 'int', possible loss of data
C:\Users\tsagk\source\repos\MarioStyleGame\MarioStyleGame\Entity.cpp(215,57): warning C4244:  'argument': conversion from 'float' to 'int', possible loss of data
C:\Users\tsagk\source\repos\MarioStyleGame\MarioStyleGame\Entity.cpp(215,21): warning C4244:  'argument': conversion from 'float' to 'int', possible loss of data
C:\Users\tsagk\source\repos\MarioStyleGame\MarioStyleGame\Entity.cpp(216,69): warning C4244:  'argument': conversion from 'float' to 'int', possible loss of data
C:\Users\tsagk\source\repos\MarioStyleGame\MarioStyleGame\Entity.cpp(216,21): warning C4244:  'argument': conversion from 'float' to 'int', possible loss of data
C:\Users\tsagk\source\repos\MarioStyleGame\MarioStyleGame\Entity.cpp(217,51): warning C4244:  'argument': conversion from 'float' to 'int', possible loss of data
C:\Users\tsagk\source\repos\MarioStyleGame\MarioStyleGame\Entity.cpp(217,21): warning C4244:  'argument': conversion from 'float' to 'int', possible loss of data
C:\Users\tsagk\source\repos\MarioStyleGame\MarioStyleGame\Entity.cpp(219,69): warning C4244:  'argument': conversion from 'float' to 'int', possible loss of data
C:\Users\tsagk\source\repos\MarioStyleGame\MarioStyleGame\Entity.cpp(219,21): warning C4244:  'argument': conversion from 'float' to 'int', possible loss of data
C:\Users\tsagk\source\repos\MarioStyleGame\MarioStyleGame\Entity.cpp(220,57): warning C4244:  'argument': conversion from 'float' to 'int', possible loss of data
C:\Users\tsagk\source\repos\MarioStyleGame\MarioStyleGame\Entity.cpp(220,21): warning C4244:  'argument': conversion from 'float' to 'int', possible loss of data
C:\Users\tsagk\source\repos\MarioStyleGame\MarioStyleGame\Entity.cpp(221,69): warning C4244:  'argument': conversion from 'float' to 'int', possible loss of data
C:\Users\tsagk\source\repos\MarioStyleGame\MarioStyleGame\Entity.cpp(221,21): warning C4244:  'argument': conversion from 'float' to 'int', possible loss of data
C:\Users\tsagk\source\repos\MarioStyleGame\MarioStyleGame\Entity.cpp(222,57): warning C4244:  'argument': conversion from 'float' to 'int', possible loss of data
C:\Users\tsagk\source\repos\MarioStyleGame\MarioStyleGame\Entity.cpp(222,21): warning C4244:  'argument': conversion from 'float' to 'int', possible loss of data
C:\Users\tsagk\source\repos\MarioStyleGame\MarioStyleGame\Entity.cpp(233,72): warning C4244:  'argument': conversion from 'float' to 'int', possible loss of data
C:\Users\tsagk\source\repos\MarioStyleGame\MarioStyleGame\Entity.cpp(233,24): warning C4244:  'argument': conversion from 'float' to 'int', possible loss of data
C:\Users\tsagk\source\repos\MarioStyleGame\MarioStyleGame\Entity.cpp(234,51): warning C4244:  'argument': conversion from 'float' to 'int', possible loss of data
C:\Users\tsagk\source\repos\MarioStyleGame\MarioStyleGame\Entity.cpp(234,21): warning C4244:  'argument': conversion from 'float' to 'int', possible loss of data
C:\Users\tsagk\source\repos\MarioStyleGame\MarioStyleGame\Entity.cpp(235,73): warning C4244:  'argument': conversion from 'float' to 'int', possible loss of data
C:\Users\tsagk\source\repos\MarioStyleGame\MarioStyleGame\Entity.cpp(235,21): warning C4244:  'argument': conversion from 'float' to 'int', possible loss of data
C:\Users\tsagk\source\repos\MarioStyleGame\MarioStyleGame\Entity.cpp(236,51): warning C4244:  'argument': conversion from 'float' to 'int', possible loss of data
C:\Users\tsagk\source\repos\MarioStyleGame\MarioStyleGame\Entity.cpp(236,21): warning C4244:  'argument': conversion from 'float' to 'int', possible loss of data
C:\Users\tsagk\source\repos\MarioStyleGame\MarioStyleGame\Entity.cpp(238,73): warning C4244:  'argument': conversion from 'float' to 'int', possible loss of data
C:\Users\tsagk\source\repos\MarioStyleGame\MarioStyleGame\Entity.cpp(238,21): warning C4244:  'argument': conversion from 'float' to 'int', possible loss of data
C:\Users\tsagk\source\repos\MarioStyleGame\MarioStyleGame\Entity.cpp(239,51): warning C4244:  'argument': conversion from 'float' to 'int', possible loss of data
C:\Users\tsagk\source\repos\MarioStyleGame\MarioStyleGame\Entity.cpp(239,21): warning C4244:  'argument': conversion from 'float' to 'int', possible loss of data
C:\Users\tsagk\source\repos\MarioStyleGame\MarioStyleGame\Entity.cpp(240,70): warning C4244:  'argument': conversion from 'float' to 'int', possible loss of data
C:\Users\tsagk\source\repos\MarioStyleGame\MarioStyleGame\Entity.cpp(240,21): warning C4244:  'argument': conversion from 'float' to 'int', possible loss of data
C:\Users\tsagk\source\repos\MarioStyleGame\MarioStyleGame\Entity.cpp(241,51): warning C4244:  'argument': conversion from 'float' to 'int', possible loss of data
C:\Users\tsagk\source\repos\MarioStyleGame\MarioStyleGame\Entity.cpp(241,21): warning C4244:  'argument': conversion from 'float' to 'int', possible loss of data
C:\Users\tsagk\source\repos\MarioStyleGame\MarioStyleGame\Entity.cpp(243,73): warning C4244:  'argument': conversion from 'float' to 'int', possible loss of data
C:\Users\tsagk\source\repos\MarioStyleGame\MarioStyleGame\Entity.cpp(243,21): warning C4244:  'argument': conversion from 'float' to 'int', possible loss of data
C:\Users\tsagk\source\repos\MarioStyleGame\MarioStyleGame\Entity.cpp(244,51): warning C4244:  'argument': conversion from 'float' to 'int', possible loss of data
C:\Users\tsagk\source\repos\MarioStyleGame\MarioStyleGame\Entity.cpp(244,21): warning C4244:  'argument': conversion from 'float' to 'int', possible loss of data
C:\Users\tsagk\source\repos\MarioStyleGame\MarioStyleGame\Entity.cpp(245,73): warning C4244:  'argument': conversion from 'float' to 'int', possible loss of data
C:\Users\tsagk\source\repos\MarioStyleGame\MarioStyleGame\Entity.cpp(245,21): warning C4244:  'argument': conversion from 'float' to 'int', possible loss of data
C:\Users\tsagk\source\repos\MarioStyleGame\MarioStyleGame\Entity.cpp(246,51): warning C4244:  'argument': conversion from 'float' to 'int', possible loss of data
C:\Users\tsagk\source\repos\MarioStyleGame\MarioStyleGame\Entity.cpp(246,21): warning C4244:  'argument': conversion from 'float' to 'int', possible loss of data
C:\Users\tsagk\source\repos\MarioStyleGame\MarioStyleGame\Entity.cpp(257,60): warning C4244:  'argument': conversion from 'float' to 'int', possible loss of data
C:\Users\tsagk\source\repos\MarioStyleGame\MarioStyleGame\Entity.cpp(257,24): warning C4244:  'argument': conversion from 'float' to 'int', possible loss of data
C:\Users\tsagk\source\repos\MarioStyleGame\MarioStyleGame\Entity.cpp(258,73): warning C4244:  'argument': conversion from 'float' to 'int', possible loss of data
C:\Users\tsagk\source\repos\MarioStyleGame\MarioStyleGame\Entity.cpp(258,21): warning C4244:  'argument': conversion from 'float' to 'int', possible loss of data
C:\Users\tsagk\source\repos\MarioStyleGame\MarioStyleGame\Entity.cpp(260,57): warning C4244:  'argument': conversion from 'float' to 'int', possible loss of data
C:\Users\tsagk\source\repos\MarioStyleGame\MarioStyleGame\Entity.cpp(260,21): warning C4244:  'argument': conversion from 'float' to 'int', possible loss of data
C:\Users\tsagk\source\repos\MarioStyleGame\MarioStyleGame\Entity.cpp(261,73): warning C4244:  'argument': conversion from 'float' to 'int', possible loss of data
C:\Users\tsagk\source\repos\MarioStyleGame\MarioStyleGame\Entity.cpp(261,21): warning C4244:  'argument': conversion from 'float' to 'int', possible loss of data
C:\Users\tsagk\source\repos\MarioStyleGame\MarioStyleGame\Entity.cpp(268,60): warning C4244:  'argument': conversion from 'float' to 'int', possible loss of data
C:\Users\tsagk\source\repos\MarioStyleGame\MarioStyleGame\Entity.cpp(268,24): warning C4244:  'argument': conversion from 'float' to 'int', possible loss of data
C:\Users\tsagk\source\repos\MarioStyleGame\MarioStyleGame\Entity.cpp(269,57): warning C4244:  'argument': conversion from 'float' to 'int', possible loss of data
C:\Users\tsagk\source\repos\MarioStyleGame\MarioStyleGame\Entity.cpp(269,21): warning C4244:  'argument': conversion from 'float' to 'int', possible loss of data
C:\Users\tsagk\source\repos\MarioStyleGame\MarioStyleGame\Entity.cpp(271,73): warning C4244:  'argument': conversion from 'float' to 'int', possible loss of data
C:\Users\tsagk\source\repos\MarioStyleGame\MarioStyleGame\Entity.cpp(271,21): warning C4244:  'argument': conversion from 'float' to 'int', possible loss of data
C:\Users\tsagk\source\repos\MarioStyleGame\MarioStyleGame\Entity.cpp(272,73): warning C4244:  'argument': conversion from 'float' to 'int', possible loss of data
  HUD.cpp
C:\Users\tsagk\source\repos\MarioStyleGame\MarioStyleGame\Entity.cpp(272,21): warning C4244:  'argument': conversion from 'float' to 'int', possible loss of data
  main.cpp
  Map.cpp
C:\Users\tsagk\source\repos\MarioStyleGame\MarioStyleGame\HUD.cpp(13,38): warning C4244:  'argument': conversion from 'int' to 'float', possible loss of data
C:\Users\tsagk\source\repos\MarioStyleGame\MarioStyleGame\Map.cpp(42,21): warning C4018:  '<': signed/unsigned mismatch
C:\Users\tsagk\source\repos\MarioStyleGame\MarioStyleGame\Map.cpp(62,73): warning C4244:  'argument': conversion from 'int' to 'T', possible loss of data
C:\Users\tsagk\source\repos\MarioStyleGame\MarioStyleGame\Map.cpp(62,73): warning C4244:         with
C:\Users\tsagk\source\repos\MarioStyleGame\MarioStyleGame\Map.cpp(62,73): warning C4244:         [
C:\Users\tsagk\source\repos\MarioStyleGame\MarioStyleGame\Map.cpp(62,73): warning C4244:             T=float
C:\Users\tsagk\source\repos\MarioStyleGame\MarioStyleGame\Map.cpp(62,73): warning C4244:         ]
C:\Users\tsagk\source\repos\MarioStyleGame\MarioStyleGame\Map.cpp(62,58): warning C4244:  'argument': conversion from 'int' to 'T', possible loss of data
C:\Users\tsagk\source\repos\MarioStyleGame\MarioStyleGame\Map.cpp(62,58): warning C4244:         with
C:\Users\tsagk\source\repos\MarioStyleGame\MarioStyleGame\Map.cpp(62,58): warning C4244:         [
C:\Users\tsagk\source\repos\MarioStyleGame\MarioStyleGame\Map.cpp(62,58): warning C4244:             T=float
C:\Users\tsagk\source\repos\MarioStyleGame\MarioStyleGame\Map.cpp(62,58): warning C4244:         ]
C:\Users\tsagk\source\repos\MarioStyleGame\MarioStyleGame\Map.cpp(64,87): warning C4244:  'argument': conversion from 'int' to 'T', possible loss of data
C:\Users\tsagk\source\repos\MarioStyleGame\MarioStyleGame\Map.cpp(64,87): warning C4244:         with
C:\Users\tsagk\source\repos\MarioStyleGame\MarioStyleGame\Map.cpp(64,87): warning C4244:         [
C:\Users\tsagk\source\repos\MarioStyleGame\MarioStyleGame\Map.cpp(64,87): warning C4244:             T=float
C:\Users\tsagk\source\repos\MarioStyleGame\MarioStyleGame\Map.cpp(64,87): warning C4244:         ]
C:\Users\tsagk\source\repos\MarioStyleGame\MarioStyleGame\Map.cpp(64,72): warning C4244:  'argument': conversion from 'int' to 'T', possible loss of data
C:\Users\tsagk\source\repos\MarioStyleGame\MarioStyleGame\Map.cpp(64,72): warning C4244:         with
C:\Users\tsagk\source\repos\MarioStyleGame\MarioStyleGame\Map.cpp(64,72): warning C4244:         [
C:\Users\tsagk\source\repos\MarioStyleGame\MarioStyleGame\Map.cpp(64,72): warning C4244:             T=float
C:\Users\tsagk\source\repos\MarioStyleGame\MarioStyleGame\Map.cpp(64,72): warning C4244:         ]
C:\Users\tsagk\source\repos\MarioStyleGame\MarioStyleGame\Map.cpp(66,101): warning C4244:  'argument': conversion from 'int' to 'T', possible loss of data
C:\Users\tsagk\source\repos\MarioStyleGame\MarioStyleGame\Map.cpp(66,101): warning C4244:         with
C:\Users\tsagk\source\repos\MarioStyleGame\MarioStyleGame\Map.cpp(66,101): warning C4244:         [
C:\Users\tsagk\source\repos\MarioStyleGame\MarioStyleGame\Map.cpp(66,101): warning C4244:             T=float
C:\Users\tsagk\source\repos\MarioStyleGame\MarioStyleGame\Map.cpp(66,101): warning C4244:         ]
C:\Users\tsagk\source\repos\MarioStyleGame\MarioStyleGame\Map.cpp(66,72): warning C4244:  'argument': conversion from 'int' to 'T', possible loss of data
C:\Users\tsagk\source\repos\MarioStyleGame\MarioStyleGame\Map.cpp(66,72): warning C4244:         with
C:\Users\tsagk\source\repos\MarioStyleGame\MarioStyleGame\Map.cpp(66,72): warning C4244:         [
C:\Users\tsagk\source\repos\MarioStyleGame\MarioStyleGame\Map.cpp(66,72): warning C4244:             T=float
C:\Users\tsagk\source\repos\MarioStyleGame\MarioStyleGame\Map.cpp(66,72): warning C4244:         ]
C:\Users\tsagk\source\repos\MarioStyleGame\MarioStyleGame\Map.cpp(68,89): warning C4244:  'argument': conversion from 'int' to 'T', possible loss of data
C:\Users\tsagk\source\repos\MarioStyleGame\MarioStyleGame\Map.cpp(68,89): warning C4244:         with
C:\Users\tsagk\source\repos\MarioStyleGame\MarioStyleGame\Map.cpp(68,89): warning C4244:         [
C:\Users\tsagk\source\repos\MarioStyleGame\MarioStyleGame\Map.cpp(68,89): warning C4244:             T=float
C:\Users\tsagk\source\repos\MarioStyleGame\MarioStyleGame\Map.cpp(68,89): warning C4244:         ]
C:\Users\tsagk\source\repos\MarioStyleGame\MarioStyleGame\Map.cpp(68,59): warning C4244:  'argument': conversion from 'int' to 'T', possible loss of data
C:\Users\tsagk\source\repos\MarioStyleGame\MarioStyleGame\Map.cpp(68,59): warning C4244:         with
C:\Users\tsagk\source\repos\MarioStyleGame\MarioStyleGame\Map.cpp(68,59): warning C4244:         [
C:\Users\tsagk\source\repos\MarioStyleGame\MarioStyleGame\Map.cpp(68,59): warning C4244:             T=float
C:\Users\tsagk\source\repos\MarioStyleGame\MarioStyleGame\Map.cpp(68,59): warning C4244:         ]
C:\Users\tsagk\source\repos\MarioStyleGame\MarioStyleGame\Map.cpp(73,62): warning C4244:  'argument': conversion from 'int' to 'T', possible loss of data
C:\Users\tsagk\source\repos\MarioStyleGame\MarioStyleGame\Map.cpp(73,62): warning C4244:         with
C:\Users\tsagk\source\repos\MarioStyleGame\MarioStyleGame\Map.cpp(73,62): warning C4244:         [
C:\Users\tsagk\source\repos\MarioStyleGame\MarioStyleGame\Map.cpp(73,62): warning C4244:             T=float
C:\Users\tsagk\source\repos\MarioStyleGame\MarioStyleGame\Map.cpp(73,62): warning C4244:         ]
C:\Users\tsagk\source\repos\MarioStyleGame\MarioStyleGame\Map.cpp(75,70): warning C4244:  'argument': conversion from 'int' to 'T', possible loss of data
C:\Users\tsagk\source\repos\MarioStyleGame\MarioStyleGame\Map.cpp(75,70): warning C4244:         with
C:\Users\tsagk\source\repos\MarioStyleGame\MarioStyleGame\Map.cpp(75,70): warning C4244:         [
C:\Users\tsagk\source\repos\MarioStyleGame\MarioStyleGame\Map.cpp(75,70): warning C4244:             T=float
C:\Users\tsagk\source\repos\MarioStyleGame\MarioStyleGame\Map.cpp(75,70): warning C4244:         ]
C:\Users\tsagk\source\repos\MarioStyleGame\MarioStyleGame\Map.cpp(75,57): warning C4244:  'argument': conversion from 'const int' to 'T', possible loss of data
C:\Users\tsagk\source\repos\MarioStyleGame\MarioStyleGame\Map.cpp(75,57): warning C4244:         with
C:\Users\tsagk\source\repos\MarioStyleGame\MarioStyleGame\Map.cpp(75,57): warning C4244:         [
C:\Users\tsagk\source\repos\MarioStyleGame\MarioStyleGame\Map.cpp(75,57): warning C4244:             T=float
C:\Users\tsagk\source\repos\MarioStyleGame\MarioStyleGame\Map.cpp(75,57): warning C4244:         ]
C:\Users\tsagk\source\repos\MarioStyleGame\MarioStyleGame\Map.cpp(77,78): warning C4244:  'argument': conversion from 'int' to 'T', possible loss of data
C:\Users\tsagk\source\repos\MarioStyleGame\MarioStyleGame\Map.cpp(77,78): warning C4244:         with
C:\Users\tsagk\source\repos\MarioStyleGame\MarioStyleGame\Map.cpp(77,78): warning C4244:         [
C:\Users\tsagk\source\repos\MarioStyleGame\MarioStyleGame\Map.cpp(77,78): warning C4244:             T=float
C:\Users\tsagk\source\repos\MarioStyleGame\MarioStyleGame\Map.cpp(77,78): warning C4244:         ]
C:\Users\tsagk\source\repos\MarioStyleGame\MarioStyleGame\Map.cpp(77,57): warning C4244:  'argument': conversion from 'const int' to 'T', possible loss of data
C:\Users\tsagk\source\repos\MarioStyleGame\MarioStyleGame\Map.cpp(77,57): warning C4244:         with
C:\Users\tsagk\source\repos\MarioStyleGame\MarioStyleGame\Map.cpp(77,57): warning C4244:         [
C:\Users\tsagk\source\repos\MarioStyleGame\MarioStyleGame\Map.cpp(77,57): warning C4244:             T=float
C:\Users\tsagk\source\repos\MarioStyleGame\MarioStyleGame\Map.cpp(77,57): warning C4244:         ]
  Generating Code...
C:\Users\tsagk\source\repos\MarioStyleGame\MarioStyleGame\Map.cpp(79,70): warning C4244:  'argument': conversion from 'int' to 'T', possible loss of data
C:\Users\tsagk\source\repos\MarioStyleGame\MarioStyleGame\Map.cpp(79,70): warning C4244:         with
C:\Users\tsagk\source\repos\MarioStyleGame\MarioStyleGame\Map.cpp(79,70): warning C4244:         [
C:\Users\tsagk\source\repos\MarioStyleGame\MarioStyleGame\Map.cpp(79,70): warning C4244:             T=float
C:\Users\tsagk\source\repos\MarioStyleGame\MarioStyleGame\Map.cpp(79,70): warning C4244:         ]
  MarioStyleGame.vcxproj -> C:\Users\tsagk\source\repos\MarioStyleGame\Debug\PlatformGame.exe
